**********************
* MERGE PROGRESS LOG *
**********************
[17:42:34] [INFO]: Starting merge for Project: G:\@MyProjects\06_Линия фильтрации\05_ПО\K4.0116.FiltrationLine_240807\IM\HMI\I\4\Context.wrk
[17:42:34] [INFO]: Setting up Full Project Merge...
[17:42:34] [WARNING]: Open optional file failed: G:\@MyProjects\06_Линия фильтрации\05_ПО\K4.0116.FiltrationLine_240807\IM\HMI\I\4\Context.wrk\system\runtime.rdf
[17:42:34] [WARNING]: Open optional file failed: G:\@MyProjects\06_Линия фильтрации\05_ПО\K4.0116.FiltrationLine_240807\IM\HMI\I\4\Context.wrk\deltas\193\runtime.rdf
[17:42:34] [INFO]: Number of Jobs to execute: 48
[17:42:34] [INFO]: Starting Job number 1: MOVE RESOURCES JOB
[17:42:34] [INFO]: Move file screens\screen_348.rdf from build 193 to screens\screen_348.rdf into build 0
[17:42:34] [INFO]: The job was executed succesfully.
[17:42:34] [INFO]: Starting Job number 2: MOVE RESOURCES JOB
[17:42:34] [INFO]: Move file screens\screen_350.rdf from build 193 to screens\screen_350.rdf into build 0
[17:42:34] [INFO]: The job was executed succesfully.
[17:42:34] [INFO]: Starting Job number 3: MOVE RESOURCES JOB
[17:42:34] [INFO]: Move file screens\screen_353.rdf from build 193 to screens\screen_353.rdf into build 0
[17:42:34] [INFO]: The job was executed succesfully.
[17:42:34] [INFO]: Starting Job number 4: MERGE JOB
[17:42:34] [INFO]: Merging file G:\@MyProjects\06_Линия фильтрации\05_ПО\K4.0116.FiltrationLine_240807\IM\HMI\I\4\Context.wrk\\temp_26_0_0_0.rdf
                   Merging source file: G:\@MyProjects\06_Линия фильтрации\05_ПО\K4.0116.FiltrationLine_240807\IM\HMI\I\4\Context.wrk\\general\ChromIdentification.rdf
                   with: G:\@MyProjects\06_Линия фильтрации\05_ПО\K4.0116.FiltrationLine_240807\IM\HMI\I\4\Context.wrk\\deltas\193\ChromIdentification.rdf
[17:42:34] [INFO]: The job was executed succesfully.
[17:42:34] [INFO]: Starting Job number 5: MERGE JOB
[17:42:34] [INFO]: Merging file G:\@MyProjects\06_Линия фильтрации\05_ПО\K4.0116.FiltrationLine_240807\IM\HMI\I\4\Context.wrk\\temp_27_0_0_0.rdf
                   Merging source file: G:\@MyProjects\06_Линия фильтрации\05_ПО\K4.0116.FiltrationLine_240807\IM\HMI\I\4\Context.wrk\\general\ChromIdentification.rdf
[17:42:34] [INFO]: The job was executed succesfully.
[17:42:34] [INFO]: Starting Job number 6: MERGE JOB
[17:42:34] [INFO]: Merging file G:\@MyProjects\06_Линия фильтрации\05_ПО\K4.0116.FiltrationLine_240807\IM\HMI\I\4\Context.wrk\\temp_29_0_0_0.rdf
                   Merging source file: G:\@MyProjects\06_Линия фильтрации\05_ПО\K4.0116.FiltrationLine_240807\IM\HMI\I\4\Context.wrk\\general\ChromIdentification.rdf
[17:42:34] [INFO]: The job was executed succesfully.
[17:42:34] [INFO]: Starting Job number 7: JOIN JOB
[17:42:34] [INFO]: Joining the following files:
                   temp_26_0_0_0.rdf
                   temp_27_0_0_0.rdf
                   temp_29_0_0_0.rdf
                   to output file: general\ChromIdentification.rdf
[17:42:34] [INFO]: The job was executed succesfully.
[17:42:34] [INFO]: Starting Job number 8: MERGE JOB
[17:42:34] [INFO]: Merging file G:\@MyProjects\06_Линия фильтрации\05_ПО\K4.0116.FiltrationLine_240807\IM\HMI\I\4\Context.wrk\\temp_96_0_0_0.rdf
                   Merging source file: G:\@MyProjects\06_Линия фильтрации\05_ПО\K4.0116.FiltrationLine_240807\IM\HMI\I\4\Context.wrk\\general\cds.rdf
                   with: G:\@MyProjects\06_Линия фильтрации\05_ПО\K4.0116.FiltrationLine_240807\IM\HMI\I\4\Context.wrk\\deltas\193\cds.rdf
[17:42:34] [INFO]: The job was executed succesfully.
[17:42:34] [INFO]: Starting Job number 9: JOIN JOB
[17:42:34] [INFO]: Joining the following files:
                   temp_96_0_0_0.rdf
                   to output file: general\cds.rdf
[17:42:34] [INFO]: The job was executed succesfully.
[17:42:34] [INFO]: Starting Job number 10: MERGE JOB
[17:42:34] [INFO]: Merging file G:\@MyProjects\06_Линия фильтрации\05_ПО\K4.0116.FiltrationLine_240807\IM\HMI\I\4\Context.wrk\\temp_512_27_0_0.rdf
                   Merging source file: G:\@MyProjects\06_Линия фильтрации\05_ПО\K4.0116.FiltrationLine_240807\IM\HMI\I\4\Context.wrk\\general\textLibrary_27_1049.rdf
                   with: G:\@MyProjects\06_Линия фильтрации\05_ПО\K4.0116.FiltrationLine_240807\IM\HMI\I\4\Context.wrk\\deltas\193\deltaMain.rdf
                   with: G:\@MyProjects\06_Линия фильтрации\05_ПО\K4.0116.FiltrationLine_240807\IM\HMI\I\4\Context.wrk\\deltas\193\deltaTextLibrary_27_1049.rdf
[17:42:34] [INFO]: The job was executed succesfully.
[17:42:34] [INFO]: Starting Job number 11: MERGE JOB
[17:42:34] [INFO]: Merging file G:\@MyProjects\06_Линия фильтрации\05_ПО\K4.0116.FiltrationLine_240807\IM\HMI\I\4\Context.wrk\\temp_513_1049_512_27.rdf
                   Merging source file: G:\@MyProjects\06_Линия фильтрации\05_ПО\K4.0116.FiltrationLine_240807\IM\HMI\I\4\Context.wrk\\general\textLibrary_27_1049.rdf
                   with: G:\@MyProjects\06_Линия фильтрации\05_ПО\K4.0116.FiltrationLine_240807\IM\HMI\I\4\Context.wrk\\deltas\193\deltaTextLibrary_27_1049.rdf
[17:42:34] [INFO]: The job was executed succesfully.
[17:42:34] [INFO]: Starting Job number 12: JOIN JOB
[17:42:34] [INFO]: Joining the following files:
                   temp_512_27_0_0.rdf
                   temp_513_1049_512_27.rdf
                   to output file: general\textLibrary_27_1049.rdf
[17:42:34] [INFO]: The job was executed succesfully.
[17:42:34] [INFO]: Starting Job number 13: MERGE JOB
[17:42:34] [INFO]: Merging file G:\@MyProjects\06_Линия фильтрации\05_ПО\K4.0116.FiltrationLine_240807\IM\HMI\I\4\Context.wrk\\temp_512_28_0_0.rdf
                   Merging source file: G:\@MyProjects\06_Линия фильтрации\05_ПО\K4.0116.FiltrationLine_240807\IM\HMI\I\4\Context.wrk\\general\textLibrary_28_1049.rdf
                   with: G:\@MyProjects\06_Линия фильтрации\05_ПО\K4.0116.FiltrationLine_240807\IM\HMI\I\4\Context.wrk\\deltas\193\deltaMain.rdf
                   with: G:\@MyProjects\06_Линия фильтрации\05_ПО\K4.0116.FiltrationLine_240807\IM\HMI\I\4\Context.wrk\\deltas\193\deltaTextLibrary_28_1049.rdf
[17:42:34] [INFO]: The job was executed succesfully.
[17:42:34] [INFO]: Starting Job number 14: MERGE JOB
[17:42:34] [INFO]: Merging file G:\@MyProjects\06_Линия фильтрации\05_ПО\K4.0116.FiltrationLine_240807\IM\HMI\I\4\Context.wrk\\temp_520_1049_512_28.rdf
                   Merging source file: G:\@MyProjects\06_Линия фильтрации\05_ПО\K4.0116.FiltrationLine_240807\IM\HMI\I\4\Context.wrk\\general\textLibrary_28_1049.rdf
                   with: G:\@MyProjects\06_Линия фильтрации\05_ПО\K4.0116.FiltrationLine_240807\IM\HMI\I\4\Context.wrk\\deltas\193\deltaTextLibrary_28_1049.rdf
[17:42:34] [INFO]: The job was executed succesfully.
[17:42:34] [INFO]: Starting Job number 15: JOIN JOB
[17:42:34] [INFO]: Joining the following files:
                   temp_512_28_0_0.rdf
                   temp_520_1049_512_28.rdf
                   to output file: general\textLibrary_28_1049.rdf
[17:42:34] [INFO]: The job was executed succesfully.
[17:42:34] [INFO]: Starting Job number 16: MERGE JOB
[17:42:34] [INFO]: Merging file G:\@MyProjects\06_Линия фильтрации\05_ПО\K4.0116.FiltrationLine_240807\IM\HMI\I\4\Context.wrk\\temp_514_433_0_0.rdf
                   Merging source file: G:\@MyProjects\06_Линия фильтрации\05_ПО\K4.0116.FiltrationLine_240807\IM\HMI\I\4\Context.wrk\\general\textListLibrary.rdf
[17:42:34] [INFO]: The job was executed succesfully.
[17:42:34] [INFO]: Starting Job number 17: JOIN JOB
[17:42:34] [INFO]: Joining the following files:
                   temp_514_433_0_0.rdf
                   to output file: general\textListLibrary.rdf
[17:42:34] [INFO]: The job was executed succesfully.
[17:42:34] [INFO]: Starting Job number 18: FINALIZE JOB
[17:42:34] [INFO]: Finalizing merge for general\textListLibrary.rdf
[17:42:34] [INFO]: The job was executed succesfully.
[17:42:34] [INFO]: Starting Job number 19: DELETE JOB
[17:42:34] [INFO]: Deleting file temp_514_433_0_0.rdf
[17:42:34] [INFO]: The job was executed succesfully.
[17:42:34] [INFO]: Starting Job number 20: MERGE JOB
[17:42:34] [INFO]: Merging file G:\@MyProjects\06_Линия фильтрации\05_ПО\K4.0116.FiltrationLine_240807\IM\HMI\I\4\Context.wrk\\temp_512_55_0_0.rdf
                   Merging source file: G:\@MyProjects\06_Линия фильтрации\05_ПО\K4.0116.FiltrationLine_240807\IM\HMI\I\4\Context.wrk\\graphics\imageLibrary_1049.rdf
                   with: G:\@MyProjects\06_Линия фильтрации\05_ПО\K4.0116.FiltrationLine_240807\IM\HMI\I\4\Context.wrk\\deltas\193\deltaMain.rdf
                   with: G:\@MyProjects\06_Линия фильтрации\05_ПО\K4.0116.FiltrationLine_240807\IM\HMI\I\4\Context.wrk\\deltas\193\deltaImageLibrary_1049.rdf
[17:42:34] [INFO]: The job was executed succesfully.
[17:42:34] [INFO]: Starting Job number 21: MERGE JOB
[17:42:34] [INFO]: Merging file G:\@MyProjects\06_Линия фильтрации\05_ПО\K4.0116.FiltrationLine_240807\IM\HMI\I\4\Context.wrk\\temp_517_1049_512_55.rdf
                   Merging source file: G:\@MyProjects\06_Линия фильтрации\05_ПО\K4.0116.FiltrationLine_240807\IM\HMI\I\4\Context.wrk\\graphics\imageLibrary_1049.rdf
                   with: G:\@MyProjects\06_Линия фильтрации\05_ПО\K4.0116.FiltrationLine_240807\IM\HMI\I\4\Context.wrk\\deltas\193\deltaImageLibrary_1049.rdf
[17:42:34] [INFO]: The job was executed succesfully.
[17:42:34] [INFO]: Starting Job number 22: JOIN JOB
[17:42:34] [INFO]: Joining the following files:
                   temp_512_55_0_0.rdf
                   temp_517_1049_512_55.rdf
                   to output file: graphics\imageLibrary_1049.rdf
[17:42:34] [INFO]: The job was executed succesfully.
[17:42:34] [INFO]: Starting Job number 23: MERGE JOB
[17:42:34] [INFO]: Merging file G:\@MyProjects\06_Линия фильтрации\05_ПО\K4.0116.FiltrationLine_240807\IM\HMI\I\4\Context.wrk\\temp_4_0_8_0.rdf
                   Merging source file: G:\@MyProjects\06_Линия фильтрации\05_ПО\K4.0116.FiltrationLine_240807\IM\HMI\I\4\Context.wrk\\system\ProjectCharacteristics.rdf
                   with: G:\@MyProjects\06_Линия фильтрации\05_ПО\K4.0116.FiltrationLine_240807\IM\HMI\I\4\Context.wrk\\deltas\193\ProjectCharacteristics.rdf
[17:42:34] [INFO]: The job was executed succesfully.
[17:42:34] [INFO]: Starting Job number 24: MERGE JOB
[17:42:34] [INFO]: Merging file G:\@MyProjects\06_Линия фильтрации\05_ПО\K4.0116.FiltrationLine_240807\IM\HMI\I\4\Context.wrk\\temp_8_0_0_0.rdf
                   Merging source file: G:\@MyProjects\06_Линия фильтрации\05_ПО\K4.0116.FiltrationLine_240807\IM\HMI\I\4\Context.wrk\\system\ProjectCharacteristics.rdf
                   with: G:\@MyProjects\06_Линия фильтрации\05_ПО\K4.0116.FiltrationLine_240807\IM\HMI\I\4\Context.wrk\\deltas\193\ProjectCharacteristics.rdf
[17:42:34] [INFO]: The job was executed succesfully.
[17:42:34] [INFO]: Starting Job number 25: JOIN JOB
[17:42:34] [INFO]: Joining the following files:
                   temp_4_0_8_0.rdf
                   temp_8_0_0_0.rdf
                   to output file: system\ProjectCharacteristics.rdf
[17:42:34] [INFO]: The job was executed succesfully.
[17:42:34] [INFO]: Starting Job number 26: MERGE JOB
[17:42:34] [INFO]: Merging file G:\@MyProjects\06_Линия фильтрации\05_ПО\K4.0116.FiltrationLine_240807\IM\HMI\I\4\Context.wrk\\temp_1_0_0_0.rdf
                   Merging source file: G:\@MyProjects\06_Линия фильтрации\05_ПО\K4.0116.FiltrationLine_240807\IM\HMI\I\4\Context.wrk\\general\main.rdf
                   with: G:\@MyProjects\06_Линия фильтрации\05_ПО\K4.0116.FiltrationLine_240807\IM\HMI\I\4\Context.wrk\\deltas\193\deltaMain.rdf
[17:42:34] [INFO]: The job was executed succesfully.
[17:42:34] [INFO]: Starting Job number 27: JOIN JOB
[17:42:34] [INFO]: Joining the following files:
                   temp_0_0_0_0.rdf
                   temp_1_0_0_0.rdf
                   to output file: general\main.rdf
[17:42:34] [INFO]: The job was executed succesfully.
[17:42:34] [INFO]: Starting Job number 28: FINALIZE JOB
[17:42:34] [INFO]: Finalizing merge for system\ProjectCharacteristics.rdf
[17:42:34] [INFO]: The job was executed succesfully.
[17:42:34] [INFO]: Starting Job number 29: DELETE JOB
[17:42:34] [INFO]: Deleting file temp_4_0_8_0.rdf
[17:42:34] [INFO]: The job was executed succesfully.
[17:42:34] [INFO]: Starting Job number 30: DELETE JOB
[17:42:34] [INFO]: Deleting file temp_8_0_0_0.rdf
[17:42:34] [INFO]: The job was executed succesfully.
[17:42:34] [INFO]: Starting Job number 31: FINALIZE JOB
[17:42:34] [INFO]: Finalizing merge for general\main.rdf
[17:42:34] [INFO]: The job was executed succesfully.
[17:42:34] [INFO]: Starting Job number 32: DELETE JOB
[17:42:34] [INFO]: Deleting file temp_0_0_0_0.rdf
[17:42:34] [INFO]: The job was executed succesfully.
[17:42:34] [INFO]: Starting Job number 33: DELETE JOB
[17:42:34] [INFO]: Deleting file temp_1_0_0_0.rdf
[17:42:34] [INFO]: The job was executed succesfully.
[17:42:34] [INFO]: Starting Job number 34: FINALIZE JOB
[17:42:34] [INFO]: Finalizing merge for general\textLibrary_27_1049.rdf
[17:42:34] [INFO]: The job was executed succesfully.
[17:42:34] [INFO]: Starting Job number 35: DELETE JOB
[17:42:34] [INFO]: Deleting file temp_512_27_0_0.rdf
[17:42:34] [INFO]: The job was executed succesfully.
[17:42:34] [INFO]: Starting Job number 36: DELETE JOB
[17:42:34] [INFO]: Deleting file temp_513_1049_512_27.rdf
[17:42:34] [INFO]: The job was executed succesfully.
[17:42:34] [INFO]: Starting Job number 37: FINALIZE JOB
[17:42:34] [INFO]: Finalizing merge for general\textLibrary_28_1049.rdf
[17:42:34] [INFO]: The job was executed succesfully.
[17:42:34] [INFO]: Starting Job number 38: DELETE JOB
[17:42:34] [INFO]: Deleting file temp_512_28_0_0.rdf
[17:42:34] [INFO]: The job was executed succesfully.
[17:42:34] [INFO]: Starting Job number 39: DELETE JOB
[17:42:34] [INFO]: Deleting file temp_520_1049_512_28.rdf
[17:42:34] [INFO]: The job was executed succesfully.
[17:42:34] [INFO]: Starting Job number 40: FINALIZE JOB
[17:42:34] [INFO]: Finalizing merge for graphics\imageLibrary_1049.rdf
[17:42:34] [INFO]: The job was executed succesfully.
[17:42:34] [INFO]: Starting Job number 41: DELETE JOB
[17:42:34] [INFO]: Deleting file temp_512_55_0_0.rdf
[17:42:34] [INFO]: The job was executed succesfully.
[17:42:34] [INFO]: Starting Job number 42: DELETE JOB
[17:42:34] [INFO]: Deleting file temp_517_1049_512_55.rdf
[17:42:34] [INFO]: The job was executed succesfully.
[17:42:34] [INFO]: Starting Job number 43: FINALIZE JOB
[17:42:34] [INFO]: Finalizing merge for general\cds.rdf
[17:42:34] [INFO]: The job was executed succesfully.
[17:42:34] [INFO]: Starting Job number 44: DELETE JOB
[17:42:34] [INFO]: Deleting file temp_96_0_0_0.rdf
[17:42:34] [INFO]: The job was executed succesfully.
[17:42:34] [INFO]: Starting Job number 45: FINALIZE JOB
[17:42:34] [INFO]: Finalizing merge for general\ChromIdentification.rdf
[17:42:34] [INFO]: The job was executed succesfully.
[17:42:34] [INFO]: Starting Job number 46: DELETE JOB
[17:42:34] [INFO]: Deleting file temp_26_0_0_0.rdf
[17:42:34] [INFO]: The job was executed succesfully.
[17:42:34] [INFO]: Starting Job number 47: DELETE JOB
[17:42:34] [INFO]: Deleting file temp_27_0_0_0.rdf
[17:42:34] [INFO]: The job was executed succesfully.
[17:42:34] [INFO]: Starting Job number 48: DELETE JOB
[17:42:34] [INFO]: Deleting file temp_29_0_0_0.rdf
[17:42:34] [INFO]: The job was executed succesfully.
[17:42:34] [INFO]: DONE! Merge succeeded
